2026-04-09 22:29:00,625 [INFO] =================================================================
2026-04-09 22:29:00,626 [INFO]   [IN] Kotak Neo Options Auto-Trader v4.0 (FIXED)
2026-04-09 22:29:00,627 [INFO]     Environment : PROD
2026-04-09 22:29:00,627 [INFO]     Paper Mode  : False
2026-04-09 22:29:00,628 [INFO]     Capital     : Rs.100,000
2026-04-09 22:29:00,628 [INFO]     Max Loss/Day: 3.0%  = Rs.3,000
2026-04-09 22:29:00,629 [INFO]     Max Trades  : 3 per day
2026-04-09 22:29:00,629 [INFO]     Max Premium : Rs.450 per option
2026-04-09 22:29:00,630 [INFO]     Port        : 5000
2026-04-09 22:29:00,630 [INFO] =================================================================
2026-04-09 22:29:00,631 [INFO] [LOGIN] Logging into Kotak Neo...
2026-04-09 22:29:00,632 [INFO] [TOTP] TOTP: 940841
2026-04-09 22:29:01,224 [INFO] TOTP response: {'data': {'token': 'eyJhbGciOiJSUzI1NiIsInR5cCI6IkpXVCJ9.eyJqdGkiOiI2MmE2YTFkMy1hNWQ2LTRkNWEtOTllMC0xYTM0YjRiODBmZjciLCJpc3MiOiJsb2dpbi1zZXJ2aWNlIiwic3ViIjoiNWM2NTlkY2ItNzZiNy00NzljLTg5ZWQtZTBhMzdkM2YwOTRlIiwidWNjIjoiWEhIUE4iLCJuYXAiOiIiLCJ5Y2UiOiJlWVxcNlx1MDAyNiAjNSt0XHUwMDAwXHUwMDBlXHUwMDA2d1x1MDAwMFx1MDAxMGIiLCJjYXRlZ29yaXNhdGlvbiI6IiIsInNjb3BlIjpbIlZpZXciXSwiZXhwIjoxNzc1NzU5NDAwLCJpYXQiOjE3NzU3NTM5MjcsImZldGNoY2FjaGluZ3J1bGUiOjB9.BdljhhLq4Bqw2Ixv-2OmFFd3_ghVM3EdJiPxk86iWvSXwHHzMq42nLzkqdgAokWDUAHcyE3GPJ57eVdY4aXkTDYMe4CeyRyWmRYLbukerqsLj6UczxvF61zGVwHKySg0odIkmNwa5ZmvLp4Vwv7f5FwHw2ZKm_GaOQfXBD7NZ_tbQa4hn3b6jwFUDzSp1pgFWQVOYaQGyS6Sh9k59NahPueGGhZy65laMW_FrXQjRogz_2ZzkTglkYxtyXz9DIhj8i6ED5UkItOrm8DeWvENdNv1rQ-jebycs1uOHyhG6k-3zLw4wzO4vdh6QP0KUkn9ac78SbKW4-zZmksd2-ukdQ', 'sid': '03c16f1e-493d-4599-98cf-27531c9a1bb0', 'rid': '52b6eb13-1c06-484c-af8b-cbb0c8d1b790', 'hsServerId': '', 'isUserPwdExpired': False, 'ucc': 'XHHPN', 'greetingName': 'BHAVDIP', 'isTrialAccount': False, 'dataCenter': 'E41', 'derivativesRiskDisclosure': 'Risk Disclosure on Derivatives\n\nAs per a SEBI study dated 25 Jan 2023- \n• 9 out of 10 individual traders in equity Futures and Options Segment, incurred net losses.\n• On an average, loss makers registered net trading loss close to Rs.50,000.\n• Over and above the net trading losses incurred, loss makers expended an additional 28% of net trading losses as transaction costs.\n• Those making net trading profits, incurred between 15% to 50% of such profits as transaction cost.\n\nFor more information please check out : https://www.sebi.gov.in/reports-and-statistics/research/jan-2023/study-analysis-of-profit-and-loss-of-individual-traders-dealing-in-equity-fando-segment_67525.html', 'mfAccess': 1, 'dataCenterMap': None, 'dormancyStatus': 'A', 'asbaStatus': '', 'clientType': 'RI', 'isNRI': False, 'kId': 'GKMPD4073A', 'kType': 'View', 'status': 'success', 'incRange': 0, 'incUpdFlag': '', 'clientGroup': '', 'kraStatus': '', 'rcFlag': 0}}
2026-04-09 22:29:01,464 [INFO] MPIN response: {'data': {'token': 'eyJhbGciOiJSUzI1NiIsInR5cCI6IkpXVCJ9.eyJqdGkiOiJlNTcxZmE2MC1kMzBhLTQ0NTEtYjBhZS01Mzc5M2RiM2E4ZDYiLCJpc3MiOiJsb2dpbi1zZXJ2aWNlIiwic3ViIjoiNWM2NTlkY2ItNzZiNy00NzljLTg5ZWQtZTBhMzdkM2YwOTRlIiwidWNjIjoiWEhIUE4iLCJuYXAiOiIiLCJ5Y2UiOiJlWVxcNlx1MDAyNiAjNSt0XHUwMDAwXHUwMDBlXHUwMDA2d1x1MDAwMFx1MDAxMGIiLCJjYXRlZ29yaXNhdGlvbiI6IiIsInNjb3BlIjpbIlRyYWRlIl0sImV4cCI6MTc3NTc1OTQwMCwiaWF0IjoxNzc1NzUzOTI3LCJmZXRjaGNhY2hpbmdydWxlIjowfQ.LXp4yanaXgj5EDX1c1_Gru166eOe5inmQoCuFxW2wMnfEmtloj3ed7Tmrfl3bM8W4jK565UZsozOp9_tmrs5UjddtQg6BQM00HoWv0qjnjzHYrChybgfpLO7faYqF3wFuSUluBBjWRh8plAlVlp2YdGflL83zHk5m3atInokerOcv0uBPySxSnCcRKagOHpIjeyQxLbAwc_33gXmfTIunvOZVG2hAw3hZY9mwPiwY8Wg6AkH4uHObGlpfdkkrjGA9t0SlLF37YTM5W6BCLrXqO3s1_hmnDhM4682pc2Z_lLLXZfQRNa0YqwmxwYL1D_3Hq3sa9RjT7KcSGnVqLwolw', 'sid': 'a2a9141f-4d7b-4434-959f-cf50c53d046d', 'rid': '52b6eb13-1c06-484c-af8b-cbb0c8d1b790', 'baseUrl': 'https://e41.kotaksecurities.com', 'hsServerId': '', 'isUserPwdExpired': False, 'ucc': 'XHHPN', 'greetingName': 'BHAVDIP', 'isTrialAccount': False, 'dataCenter': 'E41', 'derivativesRiskDisclosure': 'Risk Disclosure on Derivatives\n\nAs per a SEBI study dated 25 Jan 2023- \n• 9 out of 10 individual traders in equity Futures and Options Segment, incurred net losses.\n• On an average, loss makers registered net trading loss close to Rs.50,000.\n• Over and above the net trading losses incurred, loss makers expended an additional 28% of net trading losses as transaction costs.\n• Those making net trading profits, incurred between 15% to 50% of such profits as transaction cost.\n\nFor more information please check out : https://www.sebi.gov.in/reports-and-statistics/research/jan-2023/study-analysis-of-profit-and-loss-of-individual-traders-dealing-in-equity-fando-segment_67525.html', 'mfAccess': 1, 'dataCenterMap': None, 'dormancyStatus': 'A', 'asbaStatus': '', 'clientType': 'RI', 'isNRI': False, 'kId': 'GKMPD4073A', 'kType': 'Trade', 'status': 'success', 'incRange': 0, 'incUpdFlag': '', 'clientGroup': '', 'kraStatus': '', 'rcFlag': 0}}
2026-04-09 22:29:01,466 [INFO] [OK] Kotak Neo login successful
2026-04-09 22:29:01,466 [INFO] [OK] Auto-login successful -- session_ok=True
2026-04-09 22:29:01,470 [INFO] [LOOP] Trail monitor started (interval=5s)
2026-04-09 22:29:01,960 [INFO] [31m[1mWARNING: This is a development server. Do not use it in a production deployment. Use a production WSGI server instead.[0m
 * Running on all addresses (0.0.0.0)
 * Running on http://127.0.0.1:5000
 * Running on http://192.168.1.20:5000
2026-04-09 22:29:01,961 [INFO] [33mPress CTRL+C to quit[0m
2026-04-09 22:29:01,969 [INFO]  * Restarting with stat
2026-04-09 22:29:04,283 [INFO] =================================================================
2026-04-09 22:29:04,283 [INFO]   [IN] Kotak Neo Options Auto-Trader v4.0 (FIXED)
2026-04-09 22:29:04,283 [INFO]     Environment : PROD
2026-04-09 22:29:04,284 [INFO]     Paper Mode  : False
2026-04-09 22:29:04,284 [INFO]     Capital     : Rs.100,000
2026-04-09 22:29:04,284 [INFO]     Max Loss/Day: 3.0%  = Rs.3,000
2026-04-09 22:29:04,284 [INFO]     Max Trades  : 3 per day
2026-04-09 22:29:04,284 [INFO]     Max Premium : Rs.450 per option
2026-04-09 22:29:04,286 [INFO]     Port        : 5000
2026-04-09 22:29:04,286 [INFO] =================================================================
2026-04-09 22:29:04,286 [INFO] [LOGIN] Logging into Kotak Neo...
2026-04-09 22:29:04,287 [INFO] [TOTP] TOTP: 940841
2026-04-09 22:29:04,439 [INFO] TOTP response: {'data': {'token': 'eyJhbGciOiJSUzI1NiIsInR5cCI6IkpXVCJ9.eyJqdGkiOiI1MGM5OGJiZC04MTU4LTQxYzgtYmFjMy02OTA0YzI3YmU2YzQiLCJpc3MiOiJsb2dpbi1zZXJ2aWNlIiwic3ViIjoiNWM2NTlkY2ItNzZiNy00NzljLTg5ZWQtZTBhMzdkM2YwOTRlIiwidWNjIjoiWEhIUE4iLCJuYXAiOiIiLCJ5Y2UiOiJlWVxcNlx1MDAyNiAjNSt0XHUwMDAwXHUwMDBlXHUwMDA2d1x1MDAwMFx1MDAxMGIiLCJjYXRlZ29yaXNhdGlvbiI6IiIsInNjb3BlIjpbIlZpZXciXSwiZXhwIjoxNzc1NzU5NDAwLCJpYXQiOjE3NzU3NTM5MzAsImZldGNoY2FjaGluZ3J1bGUiOjB9.CW7mozbqejOujgBT08VwxcnfEcAd6DQpIGUXyAp4-QHoaFgyxO7E6uaxz0izsDPRc34pdyiIe67S_EHSiHjw2JrPRKBAFWnNxQnzf_wYqRmh0f9mcAsniT8-nzPI0zazJ3hB7mw7DGuH_BC2W9KITgYL-0Ruwzv14JS6R3DYyYSeUFaLHpQYVUe4L3-2w3UEbvt7uNPPK52lN5GW93LSMcScQ2pLK0aXOsYhR8-fyVGo-n9-c_gEWqvF3nyQ51odWiGQROti2qfvGoC3FzNllxZinM0btAmrlUEH1_l1mZOYL8nsOLMBHH14_1zCk89RQbwES2_76FM-2ScdhteLoA', 'sid': 'e3b013cf-239f-4e11-b2f3-deed86a230dc', 'rid': '8f0598f0-6c29-4bd1-a232-0c0a37e5be93', 'hsServerId': '', 'isUserPwdExpired': False, 'ucc': 'XHHPN', 'greetingName': 'BHAVDIP', 'isTrialAccount': False, 'dataCenter': 'E41', 'derivativesRiskDisclosure': 'Risk Disclosure on Derivatives\n\nAs per a SEBI study dated 25 Jan 2023- \n• 9 out of 10 individual traders in equity Futures and Options Segment, incurred net losses.\n• On an average, loss makers registered net trading loss close to Rs.50,000.\n• Over and above the net trading losses incurred, loss makers expended an additional 28% of net trading losses as transaction costs.\n• Those making net trading profits, incurred between 15% to 50% of such profits as transaction cost.\n\nFor more information please check out : https://www.sebi.gov.in/reports-and-statistics/research/jan-2023/study-analysis-of-profit-and-loss-of-individual-traders-dealing-in-equity-fando-segment_67525.html', 'mfAccess': 1, 'dataCenterMap': None, 'dormancyStatus': 'A', 'asbaStatus': '', 'clientType': 'RI', 'isNRI': False, 'kId': 'GKMPD4073A', 'kType': 'View', 'status': 'success', 'incRange': 0, 'incUpdFlag': '', 'clientGroup': '', 'kraStatus': '', 'rcFlag': 0}}
2026-04-09 22:29:04,637 [INFO] MPIN response: {'data': {'token': 'eyJhbGciOiJSUzI1NiIsInR5cCI6IkpXVCJ9.eyJqdGkiOiI2NjJmZGIzOC0xODIwLTRlMjAtYjFiNC1hNWM1ODMzNWMzZDYiLCJpc3MiOiJsb2dpbi1zZXJ2aWNlIiwic3ViIjoiNWM2NTlkY2ItNzZiNy00NzljLTg5ZWQtZTBhMzdkM2YwOTRlIiwidWNjIjoiWEhIUE4iLCJuYXAiOiIiLCJ5Y2UiOiJlWVxcNlx1MDAyNiAjNSt0XHUwMDAwXHUwMDBlXHUwMDA2d1x1MDAwMFx1MDAxMGIiLCJjYXRlZ29yaXNhdGlvbiI6IiIsInNjb3BlIjpbIlRyYWRlIl0sImV4cCI6MTc3NTc1OTQwMCwiaWF0IjoxNzc1NzUzOTMwLCJmZXRjaGNhY2hpbmdydWxlIjowfQ.kGdd74b5nGkauuMKHsHaaw9IcmL1E11dLCuA74rBtmwxIY935BdCFd8GUINMGFFvWkS8YKhROGA728JTXIl7wYK_Vn4jl3AjOociMTM4Ch7DwgY6vsZ33o7XdK6sCRE-hLsiu9D6Adm5K_k5hXlVT0lIse_DrbVxl75jqI_uGEYrgnuhjg3XhqMdKzqEqUjcFAII5VoRrYPxKrkZJ3khwdPoMw2M2cnNlnb7o7oshCayWaq3BHFeZAIhBEt5j5Jo2UhhRbCYl5QMh4a4AmG1c6kDJP5iHVnBboOMlbmpXn86tYgvdI4X-xsszhFrqgU2aZJ_gCQWhvMgVz6YzbKcYg', 'sid': 'd88e7533-280c-4e8b-bac9-72f9576ee920', 'rid': '8f0598f0-6c29-4bd1-a232-0c0a37e5be93', 'baseUrl': 'https://e41.kotaksecurities.com', 'hsServerId': '', 'isUserPwdExpired': False, 'ucc': 'XHHPN', 'greetingName': 'BHAVDIP', 'isTrialAccount': False, 'dataCenter': 'E41', 'derivativesRiskDisclosure': 'Risk Disclosure on Derivatives\n\nAs per a SEBI study dated 25 Jan 2023- \n• 9 out of 10 individual traders in equity Futures and Options Segment, incurred net losses.\n• On an average, loss makers registered net trading loss close to Rs.50,000.\n• Over and above the net trading losses incurred, loss makers expended an additional 28% of net trading losses as transaction costs.\n• Those making net trading profits, incurred between 15% to 50% of such profits as transaction cost.\n\nFor more information please check out : https://www.sebi.gov.in/reports-and-statistics/research/jan-2023/study-analysis-of-profit-and-loss-of-individual-traders-dealing-in-equity-fando-segment_67525.html', 'mfAccess': 1, 'dataCenterMap': None, 'dormancyStatus': 'A', 'asbaStatus': '', 'clientType': 'RI', 'isNRI': False, 'kId': 'GKMPD4073A', 'kType': 'Trade', 'status': 'success', 'incRange': 0, 'incUpdFlag': '', 'clientGroup': '', 'kraStatus': '', 'rcFlag': 0}}
2026-04-09 22:29:04,638 [INFO] [OK] Kotak Neo login successful
2026-04-09 22:29:04,639 [INFO] [OK] Auto-login successful -- session_ok=True
2026-04-09 22:29:04,642 [INFO] [LOOP] Trail monitor started (interval=5s)
2026-04-09 22:29:04,743 [WARNING]  * Debugger is active!
2026-04-09 22:29:04,767 [INFO]  * Debugger PIN: 819-492-709
2026-04-09 22:29:26,894 [INFO] 127.0.0.1 - - [09/Apr/2026 22:29:26] "[33mGET / HTTP/1.1[0m" 404 -
2026-04-09 22:29:27,799 [INFO] 127.0.0.1 - - [09/Apr/2026 22:29:27] "[33mHEAD / HTTP/1.1[0m" 404 -
2026-04-09 22:29:27,879 [INFO] 127.0.0.1 - - [09/Apr/2026 22:29:27] "[33mGET / HTTP/1.1[0m" 404 -
2026-04-09 22:29:28,019 [INFO] 127.0.0.1 - - [09/Apr/2026 22:29:28] "[33mGET /favicon.ico HTTP/1.1[0m" 404 -
2026-04-09 22:29:33,487 [INFO] 127.0.0.1 - - [09/Apr/2026 22:29:33] "GET /funds HTTP/1.1" 200 -
2026-04-09 22:29:33,924 [INFO] 127.0.0.1 - - [09/Apr/2026 22:29:33] "HEAD /funds HTTP/1.1" 200 -
2026-04-09 22:29:47,455 [INFO] 127.0.0.1 - - [09/Apr/2026 22:29:47] "GET /log HTTP/1.1" 200 -
2026-04-09 22:29:47,720 [INFO] 127.0.0.1 - - [09/Apr/2026 22:29:47] "HEAD /log HTTP/1.1" 200 -
2026-04-09 22:30:01,321 [INFO] 127.0.0.1 - - [09/Apr/2026 22:30:01] "GET /broker_positions HTTP/1.1" 200 -
2026-04-09 22:30:01,872 [INFO] 127.0.0.1 - - [09/Apr/2026 22:30:01] "HEAD /broker_positions HTTP/1.1" 200 -
2026-04-09 22:30:16,995 [INFO] 127.0.0.1 - - [09/Apr/2026 22:30:16] "GET /positions HTTP/1.1" 200 -
2026-04-09 22:30:17,542 [INFO] 127.0.0.1 - - [09/Apr/2026 22:30:17] "HEAD /positions HTTP/1.1" 200 -
2026-04-09 22:30:27,029 [INFO] 127.0.0.1 - - [09/Apr/2026 22:30:27] "GET /status HTTP/1.1" 200 -
2026-04-09 22:30:27,425 [INFO] 127.0.0.1 - - [09/Apr/2026 22:30:27] "HEAD /status HTTP/1.1" 200 -
2026-04-10 08:55:36,909 [INFO] =================================================================
2026-04-10 08:55:36,910 [INFO]   [IN] Kotak Neo Options Auto-Trader v4.0 (FIXED)
2026-04-10 08:55:36,910 [INFO]     Environment : PROD
2026-04-10 08:55:36,911 [INFO]     Paper Mode  : False
2026-04-10 08:55:36,911 [INFO]     Capital     : Rs.100,000
2026-04-10 08:55:36,911 [INFO]     Max Loss/Day: 3.0%  = Rs.3,000
2026-04-10 08:55:36,911 [INFO]     Max Trades  : 3 per day
2026-04-10 08:55:36,911 [INFO]     Max Premium : Rs.450 per option
2026-04-10 08:55:36,912 [INFO]     Port        : 5000
2026-04-10 08:55:36,912 [INFO] =================================================================
2026-04-10 08:55:36,912 [INFO] [LOGIN] Logging into Kotak Neo...
2026-04-10 08:55:36,914 [INFO] [TOTP] TOTP: 541234
2026-04-10 08:55:37,046 [INFO] TOTP response: {'data': {'token': 'eyJhbGciOiJSUzI1NiIsInR5cCI6IkpXVCJ9.eyJqdGkiOiJjZjU3OWM3OS0yZjdiLTQ5MmMtOTIzMy1mOTZjMWI0MmJmNWEiLCJpc3MiOiJsb2dpbi1zZXJ2aWNlIiwic3ViIjoiNWM2NTlkY2ItNzZiNy00NzljLTg5ZWQtZTBhMzdkM2YwOTRlIiwidWNjIjoiWEhIUE4iLCJuYXAiOiIiLCJ5Y2UiOiJlWVxcNlx1MDAyNiAjNSt0XHUwMDAwXHUwMDBlXHUwMDA2d1x1MDAwMFx1MDAxMGIiLCJjYXRlZ29yaXNhdGlvbiI6IiIsInNjb3BlIjpbIlZpZXciXSwiZXhwIjoxNzc1ODQ1ODAwLCJpYXQiOjE3NzU3OTE1MjIsImZldGNoY2FjaGluZ3J1bGUiOjB9.diVkmJnKe5EIRxTqOaBChK82SJHUk20s6sMmeh0aUL1SUzbTfWwaIQlEtrohIuswmWpZXx8QJto2U18It8sdKv3B_ppdLfdOe61jq3NeXWwwe3B2TK8o6uOxTCgI2YL19IoOsF9DBwBMsqT3OAzJ-bk7mNmP265uPjtY3lgLrC9LM8TBQzrirzr-vXLIBtsniiZpdT8K3Yie3UyF2WxyKVJ2Zb0l8VLc4wBRE1aROh0DjOYTE6ttnNdvbl3gsVj_SLNM2-8FOEkJ57HtRw-qKvpU8Fcj40kEMlHH3g2feLuRnodk6OmoVOP06cygH5I3VFVyNt-vHxXv1_kx07-PpA', 'sid': 'dd4a0f91-2fcb-4a9e-92a9-8a8f599e963b', 'rid': '34475272-c820-4e4f-ab78-d11229c3a4fa', 'hsServerId': '', 'isUserPwdExpired': False, 'ucc': 'XHHPN', 'greetingName': 'BHAVDIP', 'isTrialAccount': False, 'dataCenter': 'E41', 'derivativesRiskDisclosure': 'Risk Disclosure on Derivatives\n\nAs per a SEBI study dated 25 Jan 2023- \n• 9 out of 10 individual traders in equity Futures and Options Segment, incurred net losses.\n• On an average, loss makers registered net trading loss close to Rs.50,000.\n• Over and above the net trading losses incurred, loss makers expended an additional 28% of net trading losses as transaction costs.\n• Those making net trading profits, incurred between 15% to 50% of such profits as transaction cost.\n\nFor more information please check out : https://www.sebi.gov.in/reports-and-statistics/research/jan-2023/study-analysis-of-profit-and-loss-of-individual-traders-dealing-in-equity-fando-segment_67525.html', 'mfAccess': 1, 'dataCenterMap': None, 'dormancyStatus': 'A', 'asbaStatus': '', 'clientType': 'RI', 'isNRI': False, 'kId': 'GKMPD4073A', 'kType': 'View', 'status': 'success', 'incRange': 0, 'incUpdFlag': '', 'clientGroup': '', 'kraStatus': '', 'rcFlag': 0}}
2026-04-10 08:55:37,190 [INFO] MPIN response: {'data': {'token': 'eyJhbGciOiJSUzI1NiIsInR5cCI6IkpXVCJ9.eyJqdGkiOiI0M2I3NDM2MS01NWIzLTRiMzctYTk3MS03OWUzODgwN2ZmYzIiLCJpc3MiOiJsb2dpbi1zZXJ2aWNlIiwic3ViIjoiNWM2NTlkY2ItNzZiNy00NzljLTg5ZWQtZTBhMzdkM2YwOTRlIiwidWNjIjoiWEhIUE4iLCJuYXAiOiIiLCJ5Y2UiOiJlWVxcNlx1MDAyNiAjNSt0XHUwMDAwXHUwMDBlXHUwMDA2d1x1MDAwMFx1MDAxMGIiLCJjYXRlZ29yaXNhdGlvbiI6IiIsInNjb3BlIjpbIlRyYWRlIl0sImV4cCI6MTc3NTg0NTgwMCwiaWF0IjoxNzc1NzkxNTIzLCJmZXRjaGNhY2hpbmdydWxlIjowfQ.GF1FYSjlf09UJtOT26pw3dHcjhgoKES4ZiW61vOCz3WhRGeZzT6pZgUbXwG-4LEFWtKKKJO1CRtFua5jqh-eo3k3Zv8LYIUugbHZqUxbF0jaPdz5vRs8EYuRb5Vq4B_qF8QZtCj8wnG9g8knEs40ST0LkDDFGpbblL5g6AGK23CfKB5A8Y2tqvCQMhMZEMB6-hUYWZKe8vbm5Dzx4Y_ZsELmNqBLjtgexK0vMsTc2-Yhx3RmALswuOb-I7pk1ldu1CgYjen_R6q_lRuTzBkVeVLxy7tObozJpTtZGew3D4XW4eXowP2lR3DiBj4OT2tSQbe5jd9XKdSEh2EN9kEOQQ', 'sid': '3d28a0a5-ccf1-4dca-87ec-3b91700b8f32', 'rid': '34475272-c820-4e4f-ab78-d11229c3a4fa', 'baseUrl': 'https://e41.kotaksecurities.com', 'hsServerId': '', 'isUserPwdExpired': False, 'ucc': 'XHHPN', 'greetingName': 'BHAVDIP', 'isTrialAccount': False, 'dataCenter': 'E41', 'derivativesRiskDisclosure': 'Risk Disclosure on Derivatives\n\nAs per a SEBI study dated 25 Jan 2023- \n• 9 out of 10 individual traders in equity Futures and Options Segment, incurred net losses.\n• On an average, loss makers registered net trading loss close to Rs.50,000.\n• Over and above the net trading losses incurred, loss makers expended an additional 28% of net trading losses as transaction costs.\n• Those making net trading profits, incurred between 15% to 50% of such profits as transaction cost.\n\nFor more information please check out : https://www.sebi.gov.in/reports-and-statistics/research/jan-2023/study-analysis-of-profit-and-loss-of-individual-traders-dealing-in-equity-fando-segment_67525.html', 'mfAccess': 1, 'dataCenterMap': None, 'dormancyStatus': 'A', 'asbaStatus': '', 'clientType': 'RI', 'isNRI': False, 'kId': 'GKMPD4073A', 'kType': 'Trade', 'status': 'success', 'incRange': 0, 'incUpdFlag': '', 'clientGroup': '', 'kraStatus': '', 'rcFlag': 0}}
2026-04-10 08:55:37,191 [INFO] [OK] Kotak Neo login successful
2026-04-10 08:55:37,191 [INFO] [OK] Auto-login successful -- session_ok=True
2026-04-10 08:55:37,192 [INFO] [LOOP] Trail monitor started (interval=5s)
2026-04-10 08:55:37,250 [INFO] [31m[1mWARNING: This is a development server. Do not use it in a production deployment. Use a production WSGI server instead.[0m
 * Running on all addresses (0.0.0.0)
 * Running on http://127.0.0.1:5000
 * Running on http://192.168.1.20:5000
2026-04-10 08:55:37,251 [INFO] [33mPress CTRL+C to quit[0m
2026-04-10 08:55:37,256 [INFO]  * Restarting with stat
2026-04-10 08:55:38,693 [INFO] =================================================================
2026-04-10 08:55:38,693 [INFO]   [IN] Kotak Neo Options Auto-Trader v4.0 (FIXED)
2026-04-10 08:55:38,693 [INFO]     Environment : PROD
2026-04-10 08:55:38,694 [INFO]     Paper Mode  : False
2026-04-10 08:55:38,694 [INFO]     Capital     : Rs.100,000
2026-04-10 08:55:38,694 [INFO]     Max Loss/Day: 3.0%  = Rs.3,000
2026-04-10 08:55:38,694 [INFO]     Max Trades  : 3 per day
2026-04-10 08:55:38,694 [INFO]     Max Premium : Rs.450 per option
2026-04-10 08:55:38,694 [INFO]     Port        : 5000
2026-04-10 08:55:38,695 [INFO] =================================================================
2026-04-10 08:55:38,695 [INFO] [LOGIN] Logging into Kotak Neo...
2026-04-10 08:55:38,695 [INFO] [TOTP] TOTP: 541234
2026-04-10 08:55:38,795 [INFO] TOTP response: {'data': {'token': 'eyJhbGciOiJSUzI1NiIsInR5cCI6IkpXVCJ9.eyJqdGkiOiIxMWQ4MzQzZC0yNWM3LTQ0OTItYmYwNC1iMGQzZDc3NjVhMDMiLCJpc3MiOiJsb2dpbi1zZXJ2aWNlIiwic3ViIjoiNWM2NTlkY2ItNzZiNy00NzljLTg5ZWQtZTBhMzdkM2YwOTRlIiwidWNjIjoiWEhIUE4iLCJuYXAiOiIiLCJ5Y2UiOiJlWVxcNlx1MDAyNiAjNSt0XHUwMDAwXHUwMDBlXHUwMDA2d1x1MDAwMFx1MDAxMGIiLCJjYXRlZ29yaXNhdGlvbiI6IiIsInNjb3BlIjpbIlZpZXciXSwiZXhwIjoxNzc1ODQ1ODAwLCJpYXQiOjE3NzU3OTE1MjQsImZldGNoY2FjaGluZ3J1bGUiOjB9.gE5BzXtVu_q_VowOFvZs4olxxy1HjnI-TGuPkYOs76BHxgnxWSOZ0bhSkKuoaHjFzwmCNChYtzoTfe-Gf7YqypiBaDl2aQ9kokiHQQPVEGWhK4aj_stBtMR38AH5C9dCatj9nrzJ3z3DS_cEfStz4ZRIg3-3xITWoykNz3oqBTnz2EPY93q6x6VHFp0wKRNxIu9jvI9f-rf5wvIq3BX7TW_HythFxqA4Q7fmT6Ni-q_VWut1M1l0-QGeusL02MXWSTikjlG6Lfo5PYLfHM7c4kqRq2HA_TSBAo2pOM67FHM8-Sg4DDcp0hh1Tr3R-0K_87_aL4a7YHwgWugDT9p5Cw', 'sid': '0a9864c8-f4a5-4391-ad7e-e9110cdbc7e6', 'rid': '1cf81a64-00c6-43dd-9f93-30b1133f433a', 'hsServerId': '', 'isUserPwdExpired': False, 'ucc': 'XHHPN', 'greetingName': 'BHAVDIP', 'isTrialAccount': False, 'dataCenter': 'E41', 'derivativesRiskDisclosure': 'Risk Disclosure on Derivatives\n\nAs per a SEBI study dated 25 Jan 2023- \n• 9 out of 10 individual traders in equity Futures and Options Segment, incurred net losses.\n• On an average, loss makers registered net trading loss close to Rs.50,000.\n• Over and above the net trading losses incurred, loss makers expended an additional 28% of net trading losses as transaction costs.\n• Those making net trading profits, incurred between 15% to 50% of such profits as transaction cost.\n\nFor more information please check out : https://www.sebi.gov.in/reports-and-statistics/research/jan-2023/study-analysis-of-profit-and-loss-of-individual-traders-dealing-in-equity-fando-segment_67525.html', 'mfAccess': 1, 'dataCenterMap': None, 'dormancyStatus': 'A', 'asbaStatus': '', 'clientType': 'RI', 'isNRI': False, 'kId': 'GKMPD4073A', 'kType': 'View', 'status': 'success', 'incRange': 0, 'incUpdFlag': '', 'clientGroup': '', 'kraStatus': '', 'rcFlag': 0}}
2026-04-10 08:55:38,914 [INFO] MPIN response: {'data': {'token': 'eyJhbGciOiJSUzI1NiIsInR5cCI6IkpXVCJ9.eyJqdGkiOiIzZWM5YTQ2Mi04YWY0LTQyMTYtODlkNS01ZTVmYTA0YzRlODkiLCJpc3MiOiJsb2dpbi1zZXJ2aWNlIiwic3ViIjoiNWM2NTlkY2ItNzZiNy00NzljLTg5ZWQtZTBhMzdkM2YwOTRlIiwidWNjIjoiWEhIUE4iLCJuYXAiOiIiLCJ5Y2UiOiJlWVxcNlx1MDAyNiAjNSt0XHUwMDAwXHUwMDBlXHUwMDA2d1x1MDAwMFx1MDAxMGIiLCJjYXRlZ29yaXNhdGlvbiI6IiIsInNjb3BlIjpbIlRyYWRlIl0sImV4cCI6MTc3NTg0NTgwMCwiaWF0IjoxNzc1NzkxNTI0LCJmZXRjaGNhY2hpbmdydWxlIjowfQ.YMRa8Ckbt9149Az69hEyvItbq5nWdAqLxJ_6lw4rbDz5eb_PtiuvUuTBcIhYoZQHa0HG_W_-HKyndNhirCMcwfS8N5tCGfGEHcQdU0HxOweEZajxD0gngGMoIdjwaSxd46gbUfMoRsXhS7w7CydSaPwTgH1Lp8l_Qczh5lPXX24iCheduq38lF6IDZrRYMOGf-7Y7ImsrXTAwSkGDT01fN2FgsKjQkKloqsZcJvpm9xJERG7Jkuar1kex6p_q77siW35yyeSsjF1hWJv4AFFfH34t-p7Aqv_B7OQSDLBTH8t6-aG8EaLmxjqPGdB1mbnWiSfTbVyOVjds83FYnrtxg', 'sid': '6feb2c95-06f5-4fc1-9396-675f9f0aec6e', 'rid': '1cf81a64-00c6-43dd-9f93-30b1133f433a', 'baseUrl': 'https://e41.kotaksecurities.com', 'hsServerId': '', 'isUserPwdExpired': False, 'ucc': 'XHHPN', 'greetingName': 'BHAVDIP', 'isTrialAccount': False, 'dataCenter': 'E41', 'derivativesRiskDisclosure': 'Risk Disclosure on Derivatives\n\nAs per a SEBI study dated 25 Jan 2023- \n• 9 out of 10 individual traders in equity Futures and Options Segment, incurred net losses.\n• On an average, loss makers registered net trading loss close to Rs.50,000.\n• Over and above the net trading losses incurred, loss makers expended an additional 28% of net trading losses as transaction costs.\n• Those making net trading profits, incurred between 15% to 50% of such profits as transaction cost.\n\nFor more information please check out : https://www.sebi.gov.in/reports-and-statistics/research/jan-2023/study-analysis-of-profit-and-loss-of-individual-traders-dealing-in-equity-fando-segment_67525.html', 'mfAccess': 1, 'dataCenterMap': None, 'dormancyStatus': 'A', 'asbaStatus': '', 'clientType': 'RI', 'isNRI': False, 'kId': 'GKMPD4073A', 'kType': 'Trade', 'status': 'success', 'incRange': 0, 'incUpdFlag': '', 'clientGroup': '', 'kraStatus': '', 'rcFlag': 0}}
2026-04-10 08:55:38,915 [INFO] [OK] Kotak Neo login successful
2026-04-10 08:55:38,916 [INFO] [OK] Auto-login successful -- session_ok=True
2026-04-10 08:55:38,920 [INFO] [LOOP] Trail monitor started (interval=5s)
2026-04-10 08:55:38,948 [WARNING]  * Debugger is active!
2026-04-10 08:55:38,953 [INFO]  * Debugger PIN: 819-492-709
2026-04-10 08:56:55,932 [INFO] 127.0.0.1 - - [10/Apr/2026 08:56:55] "GET /status HTTP/1.1" 200 -
2026-04-10 08:56:57,191 [INFO] 127.0.0.1 - - [10/Apr/2026 08:56:57] "[33mGET /favicon.ico HTTP/1.1[0m" 404 -
2026-04-10 09:29:54,083 [INFO] 127.0.0.1 - - [10/Apr/2026 09:29:54] "GET /status HTTP/1.1" 200 -
2026-04-10 09:29:54,296 [INFO] 127.0.0.1 - - [10/Apr/2026 09:29:54] "HEAD /status HTTP/1.1" 200 -
2026-04-10 09:29:55,142 [INFO] 127.0.0.1 - - [10/Apr/2026 09:29:55] "GET /status HTTP/1.1" 200 -
2026-04-10 09:29:55,261 [INFO] 127.0.0.1 - - [10/Apr/2026 09:29:55] "HEAD /status HTTP/1.1" 200 -
2026-04-10 21:06:34,158 [INFO]  * Detected change in 'C:\\Users\\DODIYA BHAVDEEP\\Desktop\\auto-trade\\kotak-neo-direct\\signal_engine.py', reloading
2026-04-10 21:06:34,630 [INFO]  * Restarting with stat
2026-04-10 21:06:39,618 [INFO] =================================================================
2026-04-10 21:06:39,618 [INFO]   [IN] Kotak Neo Options Auto-Trader v4.0 (FIXED)
2026-04-10 21:06:39,619 [INFO]     Environment : PROD
2026-04-10 21:06:39,619 [INFO]     Paper Mode  : False
2026-04-10 21:06:39,619 [INFO]     Capital     : Rs.100,000
2026-04-10 21:06:39,619 [INFO]     Max Loss/Day: 3.0%  = Rs.3,000
2026-04-10 21:06:39,620 [INFO]     Max Trades  : 3 per day
2026-04-10 21:06:39,620 [INFO]     Max Premium : Rs.450 per option
2026-04-10 21:06:39,620 [INFO]     Port        : 5000
2026-04-10 21:06:39,621 [INFO] =================================================================
2026-04-10 21:06:39,621 [INFO] [LOGIN] Logging into Kotak Neo...
2026-04-10 21:06:39,621 [INFO] [TOTP] TOTP: 078672
2026-04-10 21:06:39,727 [INFO] TOTP response: {'data': {'token': 'eyJhbGciOiJSUzI1NiIsInR5cCI6IkpXVCJ9.eyJqdGkiOiJlMWUyYmE4NC1iNTViLTQ4NTctYjM5Ny02YTBjODU3ODNlZGYiLCJpc3MiOiJsb2dpbi1zZXJ2aWNlIiwic3ViIjoiNWM2NTlkY2ItNzZiNy00NzljLTg5ZWQtZTBhMzdkM2YwOTRlIiwidWNjIjoiWEhIUE4iLCJuYXAiOiIiLCJ5Y2UiOiJlWVxcNlx1MDAyNiAjNSt0XHUwMDAwXHUwMDBlXHUwMDA2d1x1MDAwMFx1MDAxMGIiLCJjYXRlZ29yaXNhdGlvbiI6IiIsInNjb3BlIjpbIlZpZXciXSwiZXhwIjoxNzc1ODQ1ODAwLCJpYXQiOjE3NzU4MzUzODUsImZldGNoY2FjaGluZ3J1bGUiOjB9.Q9QTIhex-mk6dc_0N_1X9jAbB1JCbBc_muPEa5FMXx1FYF2X0_A41JnDOOeoOYbtQLjMjpKVZEB7zJ08OHeaCU4w-BNqDEUc-59AnrD6q3_vghCjz5DQ7AfW4ySscKC5tFB_RP4YUt7fIJh7V8uMEa-LuBMNiCgaSQay4rTBsyOqkiu3-ORBQSHk0lirlQWPPdW_nmtNmK_9e-0JZIQT65PESm4khFSU1jQQTQTG7oBTVFqDQcEdm0AAx5JR__gkUr9QfuyCfB5shYJy0vp_pfS7Eat2sNVz_MCguzZRHugXz4_HEvvMgmqyphZcIPTDFmRHkjARTIU-smeb9Vq1Rg', 'sid': 'c56e8628-d5d6-4a1b-b7b5-8ee92ca242a1', 'rid': '14003b15-171c-470d-a997-0181fa977fbf', 'hsServerId': '', 'isUserPwdExpired': False, 'ucc': 'XHHPN', 'greetingName': 'BHAVDIP', 'isTrialAccount': False, 'dataCenter': 'E41', 'derivativesRiskDisclosure': 'Risk Disclosure on Derivatives\n\nAs per a SEBI study dated 25 Jan 2023- \n• 9 out of 10 individual traders in equity Futures and Options Segment, incurred net losses.\n• On an average, loss makers registered net trading loss close to Rs.50,000.\n• Over and above the net trading losses incurred, loss makers expended an additional 28% of net trading losses as transaction costs.\n• Those making net trading profits, incurred between 15% to 50% of such profits as transaction cost.\n\nFor more information please check out : https://www.sebi.gov.in/reports-and-statistics/research/jan-2023/study-analysis-of-profit-and-loss-of-individual-traders-dealing-in-equity-fando-segment_67525.html', 'mfAccess': 1, 'dataCenterMap': None, 'dormancyStatus': 'A', 'asbaStatus': '', 'clientType': 'RI', 'isNRI': False, 'kId': 'GKMPD4073A', 'kType': 'View', 'status': 'success', 'incRange': 0, 'incUpdFlag': '', 'clientGroup': '', 'kraStatus': '', 'rcFlag': 0}}
2026-04-10 21:06:39,843 [INFO] MPIN response: {'data': {'token': 'eyJhbGciOiJSUzI1NiIsInR5cCI6IkpXVCJ9.eyJqdGkiOiI5NDQxNjI5OC03YTE4LTQ3M2QtYWQ5Ni03MDUzZmUxN2FhNGUiLCJpc3MiOiJsb2dpbi1zZXJ2aWNlIiwic3ViIjoiNWM2NTlkY2ItNzZiNy00NzljLTg5ZWQtZTBhMzdkM2YwOTRlIiwidWNjIjoiWEhIUE4iLCJuYXAiOiIiLCJ5Y2UiOiJlWVxcNlx1MDAyNiAjNSt0XHUwMDAwXHUwMDBlXHUwMDA2d1x1MDAwMFx1MDAxMGIiLCJjYXRlZ29yaXNhdGlvbiI6IiIsInNjb3BlIjpbIlRyYWRlIl0sImV4cCI6MTc3NTg0NTgwMCwiaWF0IjoxNzc1ODM1Mzg2LCJmZXRjaGNhY2hpbmdydWxlIjowfQ.FgiKBeHQAhBrL4Po29k78u0CPjaBWIgUM4cLTmfpATLY-S8qzdeEPv0-qW7ZcfQ6QIKMFbQMycCh49l3bgwvygnAIcOg8m93M7Yrf0XCn9HllewVwfN5GxcJvUTV6BtubzSndX_G2XtnXq9AF6_5MA6oMOGI-Qjv8VkONeNRZWTCv-0lRgUcY2wGlCfLn2saHww3US5E7Ap-rkpn9ddtpIlttCiLrcedUIsqwm7IVVX9wRPIN3nH5tFHS3wLl3Eha-GjsYe_Mfe7bu6fxOhkVxrwBHXS2Pxeqi6KQUnRG0GcDEh1PgW-o6uaaXCfjZR9c8KcvhjivRbPi8ikBaaBeg', 'sid': '4f2b4b7c-8795-4ac9-bdf5-34831b42fdaf', 'rid': '14003b15-171c-470d-a997-0181fa977fbf', 'baseUrl': 'https://e41.kotaksecurities.com', 'hsServerId': '', 'isUserPwdExpired': False, 'ucc': 'XHHPN', 'greetingName': 'BHAVDIP', 'isTrialAccount': False, 'dataCenter': 'E41', 'derivativesRiskDisclosure': 'Risk Disclosure on Derivatives\n\nAs per a SEBI study dated 25 Jan 2023- \n• 9 out of 10 individual traders in equity Futures and Options Segment, incurred net losses.\n• On an average, loss makers registered net trading loss close to Rs.50,000.\n• Over and above the net trading losses incurred, loss makers expended an additional 28% of net trading losses as transaction costs.\n• Those making net trading profits, incurred between 15% to 50% of such profits as transaction cost.\n\nFor more information please check out : https://www.sebi.gov.in/reports-and-statistics/research/jan-2023/study-analysis-of-profit-and-loss-of-individual-traders-dealing-in-equity-fando-segment_67525.html', 'mfAccess': 1, 'dataCenterMap': None, 'dormancyStatus': 'A', 'asbaStatus': '', 'clientType': 'RI', 'isNRI': False, 'kId': 'GKMPD4073A', 'kType': 'Trade', 'status': 'success', 'incRange': 0, 'incUpdFlag': '', 'clientGroup': '', 'kraStatus': '', 'rcFlag': 0}}
2026-04-10 21:06:39,843 [INFO] [OK] Kotak Neo login successful
2026-04-10 21:06:39,843 [INFO] [OK] Auto-login successful -- session_ok=True
2026-04-10 21:06:39,844 [INFO] [LOOP] Trail monitor started (interval=5s)
2026-04-10 21:06:39,888 [WARNING]  * Debugger is active!
2026-04-10 21:06:39,893 [INFO]  * Debugger PIN: 819-492-709
2026-04-10 21:06:45,972 [INFO]  * Detected change in 'C:\\Users\\DODIYA BHAVDEEP\\Desktop\\auto-trade\\kotak-neo-direct\\kotak_live.py', reloading
2026-04-10 21:06:46,107 [INFO]  * Restarting with stat
2026-04-10 21:06:47,901 [INFO] =================================================================
2026-04-10 21:06:47,901 [INFO]   [IN] Kotak Neo Options Auto-Trader v4.0 (FIXED)
2026-04-10 21:06:47,901 [INFO]     Environment : PROD
2026-04-10 21:06:47,902 [INFO]     Paper Mode  : False
2026-04-10 21:06:47,902 [INFO]     Capital     : Rs.100,000
2026-04-10 21:06:47,902 [INFO]     Max Loss/Day: 3.0%  = Rs.3,000
2026-04-10 21:06:47,902 [INFO]     Max Trades  : 3 per day
2026-04-10 21:06:47,903 [INFO]     Max Premium : Rs.450 per option
2026-04-10 21:06:47,903 [INFO]     Port        : 5000
2026-04-10 21:06:47,903 [INFO] =================================================================
2026-04-10 21:06:47,903 [INFO] [LOGIN] Logging into Kotak Neo...
2026-04-10 21:06:47,904 [INFO] [TOTP] TOTP: 078672
2026-04-10 21:06:48,484 [INFO] TOTP response: {'data': {'token': 'eyJhbGciOiJSUzI1NiIsInR5cCI6IkpXVCJ9.eyJqdGkiOiI0M2E5ZDg5NS03ZGJiLTQwNDItODJhZi1iMDc3Y2M1ZTdkN2MiLCJpc3MiOiJsb2dpbi1zZXJ2aWNlIiwic3ViIjoiNWM2NTlkY2ItNzZiNy00NzljLTg5ZWQtZTBhMzdkM2YwOTRlIiwidWNjIjoiWEhIUE4iLCJuYXAiOiIiLCJ5Y2UiOiJlWVxcNlx1MDAyNiAjNSt0XHUwMDAwXHUwMDBlXHUwMDA2d1x1MDAwMFx1MDAxMGIiLCJjYXRlZ29yaXNhdGlvbiI6IiIsInNjb3BlIjpbIlZpZXciXSwiZXhwIjoxNzc1ODQ1ODAwLCJpYXQiOjE3NzU4MzUzOTQsImZldGNoY2FjaGluZ3J1bGUiOjB9.fYBG0acdUkLF9FrF4Ln9AJyA_oVtmhR3ABRtKIZeanzaeToGGQ8NI-mNL_6lIyIL03vMMdgvyeWnQ86amqkQp1VM364YLM_VhTkmI2TlCTEFpRRBDsM0120TBfAdHUVdAzR8c5A5RfLeJaw3RBVBgC-ikJ6aYPr70CY_JmgypeCAfipUDXM4LW2j0V45AWUxzg6inWYd9q458QWAbafpOO5qID6ERbf5P7WC36ZV1D2LcF-U7MwCtue1FJNRIKsxbNvpT7-rAbjBSlVxIknq9y_AX2UkzUktIJS42JJJIDvnkansrbzWCl4SIBtbbSQw4SB6ruip9gdHevp5ppaJZw', 'sid': 'd13e6250-572c-4ed9-83ad-bda1b17be303', 'rid': '459dc085-0566-4dff-9eaf-d24dcae2a534', 'hsServerId': '', 'isUserPwdExpired': False, 'ucc': 'XHHPN', 'greetingName': 'BHAVDIP', 'isTrialAccount': False, 'dataCenter': 'E41', 'derivativesRiskDisclosure': 'Risk Disclosure on Derivatives\n\nAs per a SEBI study dated 25 Jan 2023- \n• 9 out of 10 individual traders in equity Futures and Options Segment, incurred net losses.\n• On an average, loss makers registered net trading loss close to Rs.50,000.\n• Over and above the net trading losses incurred, loss makers expended an additional 28% of net trading losses as transaction costs.\n• Those making net trading profits, incurred between 15% to 50% of such profits as transaction cost.\n\nFor more information please check out : https://www.sebi.gov.in/reports-and-statistics/research/jan-2023/study-analysis-of-profit-and-loss-of-individual-traders-dealing-in-equity-fando-segment_67525.html', 'mfAccess': 1, 'dataCenterMap': None, 'dormancyStatus': 'A', 'asbaStatus': '', 'clientType': 'RI', 'isNRI': False, 'kId': 'GKMPD4073A', 'kType': 'View', 'status': 'success', 'incRange': 0, 'incUpdFlag': '', 'clientGroup': '', 'kraStatus': '', 'rcFlag': 0}}
2026-04-10 21:06:50,332 [INFO] MPIN response: {'data': {'token': 'eyJhbGciOiJSUzI1NiIsInR5cCI6IkpXVCJ9.eyJqdGkiOiJmYzkzZGZiNS04MDk5LTRhNmMtODdlYy00Y2UwZmQwOGRmYWIiLCJpc3MiOiJsb2dpbi1zZXJ2aWNlIiwic3ViIjoiNWM2NTlkY2ItNzZiNy00NzljLTg5ZWQtZTBhMzdkM2YwOTRlIiwidWNjIjoiWEhIUE4iLCJuYXAiOiIiLCJ5Y2UiOiJlWVxcNlx1MDAyNiAjNSt0XHUwMDAwXHUwMDBlXHUwMDA2d1x1MDAwMFx1MDAxMGIiLCJjYXRlZ29yaXNhdGlvbiI6IiIsInNjb3BlIjpbIlRyYWRlIl0sImV4cCI6MTc3NTg0NTgwMCwiaWF0IjoxNzc1ODM1Mzk2LCJmZXRjaGNhY2hpbmdydWxlIjowfQ.DdUDH46j6czSpTei-W-7wbHwTam9w9HVeFvN9FreSSmZ9CcJNkWb0JmjhTLW-ZGFSGN1Z9J4XBEhNTAn_gvA9APkkgNnTK1UPepkBjvjNAOP8Ng6sVXpSoaSm0hsScR4Cf4R4bOhOhBc2IJbIgj9A3HgNGBPBf8V1EAjsB_nZKZWQZ8VOo3g1WjdkQa3LWk3Ae7E3eM5iFN83EK0jvDFn9Q-V2_J_YobnFkjjCawEAVh-xpyYdjh4mzyrPrJ1LGLmhfCh_nn1fsFJqBHt1LaTYIR7Kx9kz9AlY0vr27K5vOpWdYTY1j4Sgx-9J0XI20eIrmU_TuLZJMOgkzs-JbjqQ', 'sid': '8fe6cfd7-6928-4e1e-b695-415512bb47f2', 'rid': '459dc085-0566-4dff-9eaf-d24dcae2a534', 'baseUrl': 'https://e41.kotaksecurities.com', 'hsServerId': '', 'isUserPwdExpired': False, 'ucc': 'XHHPN', 'greetingName': 'BHAVDIP', 'isTrialAccount': False, 'dataCenter': 'E41', 'derivativesRiskDisclosure': 'Risk Disclosure on Derivatives\n\nAs per a SEBI study dated 25 Jan 2023- \n• 9 out of 10 individual traders in equity Futures and Options Segment, incurred net losses.\n• On an average, loss makers registered net trading loss close to Rs.50,000.\n• Over and above the net trading losses incurred, loss makers expended an additional 28% of net trading losses as transaction costs.\n• Those making net trading profits, incurred between 15% to 50% of such profits as transaction cost.\n\nFor more information please check out : https://www.sebi.gov.in/reports-and-statistics/research/jan-2023/study-analysis-of-profit-and-loss-of-individual-traders-dealing-in-equity-fando-segment_67525.html', 'mfAccess': 1, 'dataCenterMap': None, 'dormancyStatus': 'A', 'asbaStatus': '', 'clientType': 'RI', 'isNRI': False, 'kId': 'GKMPD4073A', 'kType': 'Trade', 'status': 'success', 'incRange': 0, 'incUpdFlag': '', 'clientGroup': '', 'kraStatus': '', 'rcFlag': 0}}
2026-04-10 21:06:50,332 [INFO] [OK] Kotak Neo login successful
2026-04-10 21:06:50,332 [INFO] [OK] Auto-login successful -- session_ok=True
2026-04-10 21:06:50,333 [INFO] [LOOP] Trail monitor started (interval=5s)
2026-04-10 21:06:50,364 [WARNING]  * Debugger is active!
2026-04-10 21:06:50,367 [INFO]  * Debugger PIN: 819-492-709
