2026-03-23 03:46:52,851 [INFO] Logging into Kotak Neo...
2026-03-23 03:46:52,853 [INFO]   TOTP attempt 1: 255106
2026-03-23 03:46:52,983 [INFO]   TOTP accepted: 255106
2026-03-23 03:46:53,097 [INFO] Kotak Neo login OK (TOTP=255106)
2026-03-23 03:46:53,098 [INFO] Loading 2d history for engine warm-up (v3 needs ~50 bars)...
2026-03-23 03:46:53,098 [WARNING] History load failed: 'NeoAPI' object has no attribute 'historical_candles' — starting cold
2026-03-23 03:46:53,099 [INFO] Outside market hours — waiting for 9:15 AM IST...
2026-03-23 03:47:27,875 [INFO] Logging into Kotak Neo...
2026-03-23 03:47:27,876 [INFO]   TOTP attempt 1: 789204
2026-03-23 03:47:28,193 [INFO]   TOTP accepted: 789204
2026-03-23 03:47:28,561 [INFO] Kotak Neo login OK (TOTP=789204)
2026-03-23 03:47:28,563 [INFO] Loading 2d history for engine warm-up (v3 needs ~50 bars)...
2026-03-23 03:47:28,563 [WARNING] History load failed: 'NeoAPI' object has no attribute 'historical_candles' — starting cold
2026-03-23 03:47:28,564 [INFO] Outside market hours — waiting for 9:15 AM IST...
2026-03-23 09:21:07,900 [INFO] Logging into Kotak Neo...
2026-03-23 09:21:07,901 [INFO]   TOTP attempt 1: 089999
2026-03-23 09:21:08,025 [INFO]   TOTP accepted: 089999
2026-03-23 09:21:08,163 [INFO] Kotak Neo login OK (TOTP=089999)
2026-03-23 09:21:08,164 [INFO] Loading 2d history for engine warm-up (v3 needs ~50 bars)...
2026-03-23 09:21:08,165 [WARNING] History load failed: 'NeoAPI' object has no attribute 'historical_candles' — starting cold
2026-03-23 09:21:08,166 [INFO] Subscribing to NIFTY live feed | token=26000
2026-03-23 09:21:08,489 [INFO] Websocket connected
2026-03-23 09:21:08,492 [INFO] WebSocket connected: The Session has been Opened!
2026-03-23 09:23:13,686 [WARNING] WebSocket closed — reconnecting in 5s...
2026-03-23 09:23:18,688 [INFO] Subscribing to NIFTY live feed | token=26000
2026-03-23 09:23:18,689 [ERROR] WebSocket error: Connection to remote host was lost.
2026-03-23 09:23:18,690 [INFO] Connection to remote host was lost. - reconnect
2026-03-23 09:23:18,690 [WARNING] WebSocket closed — reconnecting in 5s...
2026-03-23 09:23:18,960 [INFO] Websocket connected
2026-03-23 09:23:18,962 [INFO] WebSocket connected: The Session has been Opened!
2026-03-23 09:23:23,692 [INFO] Subscribing to NIFTY live feed | token=26000
2026-03-23 09:25:24,432 [WARNING] WebSocket closed — reconnecting in 5s...
2026-03-23 09:25:29,434 [INFO] Subscribing to NIFTY live feed | token=26000
2026-03-23 09:25:29,435 [ERROR] WebSocket error: Connection to remote host was lost.
2026-03-23 09:25:29,437 [INFO] Connection to remote host was lost. - reconnect
2026-03-23 09:25:29,437 [WARNING] WebSocket closed — reconnecting in 5s...
2026-03-23 09:25:29,692 [INFO] Websocket connected
2026-03-23 09:25:29,693 [INFO] WebSocket connected: The Session has been Opened!
2026-03-23 09:25:34,439 [INFO] Subscribing to NIFTY live feed | token=26000
2026-03-23 09:26:21,523 [INFO] Sending final square-off...
2026-03-23 09:26:21,523 [INFO] [PAPER] SQUAREOFF_ALL | entry=? sl=? tgt=?
2026-03-23 09:27:04,563 [INFO] Logging into Kotak Neo...
2026-03-23 09:27:04,566 [INFO]   TOTP attempt 1: 575204
2026-03-23 09:27:04,717 [INFO]   TOTP accepted: 575204
2026-03-23 09:27:04,932 [INFO] Kotak Neo login OK (TOTP=575204)
2026-03-23 09:27:04,933 [INFO] Loading 2d history for engine warm-up (v3 needs ~50 bars)...
2026-03-23 09:27:04,934 [WARNING] History load failed: 'NeoAPI' object has no attribute 'historical_candles' — starting cold
2026-03-23 09:27:04,934 [INFO] Subscribing to NIFTY live feed | token=23000
2026-03-23 09:27:05,186 [INFO] Websocket connected
2026-03-23 09:27:05,188 [INFO] WebSocket connected: The Session has been Opened!
2026-03-23 09:29:10,566 [WARNING] WebSocket closed — reconnecting in 5s...
2026-03-23 09:29:15,568 [INFO] Subscribing to NIFTY live feed | token=23000
2026-03-23 09:29:15,571 [ERROR] WebSocket error: Connection to remote host was lost.
2026-03-23 09:29:15,571 [INFO] Connection to remote host was lost. - reconnect
2026-03-23 09:29:15,572 [WARNING] WebSocket closed — reconnecting in 5s...
2026-03-23 09:29:15,958 [INFO] Websocket connected
2026-03-23 09:29:15,959 [INFO] WebSocket connected: The Session has been Opened!
2026-03-23 09:29:20,574 [INFO] Subscribing to NIFTY live feed | token=23000
2026-03-23 09:31:21,126 [WARNING] WebSocket closed — reconnecting in 5s...
2026-03-23 09:31:26,127 [INFO] Subscribing to NIFTY live feed | token=23000
2026-03-23 09:31:26,128 [ERROR] WebSocket error: Connection to remote host was lost.
2026-03-23 09:31:26,129 [INFO] Connection to remote host was lost. - reconnect
2026-03-23 09:31:26,130 [WARNING] WebSocket closed — reconnecting in 5s...
2026-03-23 09:31:26,388 [INFO] Websocket connected
2026-03-23 09:31:26,389 [INFO] WebSocket connected: The Session has been Opened!
2026-03-23 09:31:31,131 [INFO] Subscribing to NIFTY live feed | token=23000
2026-03-23 09:33:31,539 [WARNING] WebSocket closed — reconnecting in 5s...
2026-03-23 09:33:36,541 [INFO] Subscribing to NIFTY live feed | token=23000
2026-03-23 09:33:36,542 [ERROR] WebSocket error: Connection to remote host was lost.
2026-03-23 09:33:36,543 [INFO] Connection to remote host was lost. - reconnect
2026-03-23 09:33:36,543 [WARNING] WebSocket closed — reconnecting in 5s...
2026-03-23 09:33:36,795 [INFO] Websocket connected
2026-03-23 09:33:36,797 [INFO] WebSocket connected: The Session has been Opened!
2026-03-23 09:33:41,544 [INFO] Subscribing to NIFTY live feed | token=23000
2026-03-23 09:35:42,449 [WARNING] WebSocket closed — reconnecting in 5s...
2026-03-23 09:35:47,450 [INFO] Subscribing to NIFTY live feed | token=23000
2026-03-23 09:35:47,452 [ERROR] WebSocket error: Connection to remote host was lost.
2026-03-23 09:35:47,452 [INFO] Connection to remote host was lost. - reconnect
2026-03-23 09:35:47,453 [WARNING] WebSocket closed — reconnecting in 5s...
2026-03-23 09:35:47,699 [INFO] Websocket connected
2026-03-23 09:35:47,701 [INFO] WebSocket connected: The Session has been Opened!
2026-03-23 09:35:52,455 [INFO] Subscribing to NIFTY live feed | token=23000
2026-03-23 09:37:52,912 [WARNING] WebSocket closed — reconnecting in 5s...
2026-03-23 09:37:57,913 [INFO] Subscribing to NIFTY live feed | token=23000
2026-03-23 09:37:57,915 [ERROR] WebSocket error: Connection to remote host was lost.
2026-03-23 09:37:57,916 [INFO] Connection to remote host was lost. - reconnect
2026-03-23 09:37:57,917 [WARNING] WebSocket closed — reconnecting in 5s...
2026-03-23 09:37:58,208 [INFO] Websocket connected
2026-03-23 09:37:58,210 [INFO] WebSocket connected: The Session has been Opened!
2026-03-23 09:38:02,918 [INFO] Subscribing to NIFTY live feed | token=23000
2026-03-23 09:40:03,423 [WARNING] WebSocket closed — reconnecting in 5s...
2026-03-23 09:40:08,425 [INFO] Subscribing to NIFTY live feed | token=23000
2026-03-23 09:40:08,426 [ERROR] WebSocket error: Connection to remote host was lost.
2026-03-23 09:40:08,426 [INFO] Connection to remote host was lost. - reconnect
2026-03-23 09:40:08,427 [WARNING] WebSocket closed — reconnecting in 5s...
2026-03-23 09:40:08,680 [INFO] Websocket connected
2026-03-23 09:40:08,681 [INFO] WebSocket connected: The Session has been Opened!
2026-03-23 09:40:13,429 [INFO] Subscribing to NIFTY live feed | token=23000
2026-03-23 09:42:13,839 [WARNING] WebSocket closed — reconnecting in 5s...
2026-03-23 09:42:18,840 [INFO] Subscribing to NIFTY live feed | token=23000
2026-03-23 09:42:18,841 [ERROR] WebSocket error: Connection to remote host was lost.
2026-03-23 09:42:18,842 [INFO] Connection to remote host was lost. - reconnect
2026-03-23 09:42:18,843 [WARNING] WebSocket closed — reconnecting in 5s...
2026-03-23 09:42:19,092 [INFO] Websocket connected
2026-03-23 09:42:19,093 [INFO] WebSocket connected: The Session has been Opened!
2026-03-23 09:42:23,845 [INFO] Subscribing to NIFTY live feed | token=23000
2026-03-23 09:44:24,296 [WARNING] WebSocket closed — reconnecting in 5s...
2026-03-23 09:44:29,297 [INFO] Subscribing to NIFTY live feed | token=23000
2026-03-23 09:44:29,299 [ERROR] WebSocket error: Connection to remote host was lost.
2026-03-23 09:44:29,300 [INFO] Connection to remote host was lost. - reconnect
2026-03-23 09:44:29,300 [WARNING] WebSocket closed — reconnecting in 5s...
2026-03-23 09:44:31,601 [INFO] Websocket connected
2026-03-23 09:44:31,602 [INFO] WebSocket connected: The Session has been Opened!
2026-03-23 09:44:34,302 [INFO] Subscribing to NIFTY live feed | token=23000
2026-03-23 09:46:36,974 [WARNING] WebSocket closed — reconnecting in 5s...
2026-03-23 09:46:41,976 [INFO] Subscribing to NIFTY live feed | token=23000
2026-03-23 09:46:41,977 [ERROR] WebSocket error: Connection to remote host was lost.
2026-03-23 09:46:41,977 [INFO] Connection to remote host was lost. - reconnect
2026-03-23 09:46:41,978 [WARNING] WebSocket closed — reconnecting in 5s...
2026-03-23 09:46:42,292 [INFO] Websocket connected
2026-03-23 09:46:42,294 [INFO] WebSocket connected: The Session has been Opened!
2026-03-23 09:46:46,979 [INFO] Subscribing to NIFTY live feed | token=23000
2026-03-23 09:48:47,063 [WARNING] WebSocket closed — reconnecting in 5s...
2026-03-23 09:48:52,065 [INFO] Subscribing to NIFTY live feed | token=23000
2026-03-23 09:48:52,321 [INFO] Websocket connected
2026-03-23 09:48:52,322 [INFO] WebSocket connected: The Session has been Opened!
2026-03-23 09:50:57,496 [WARNING] WebSocket closed — reconnecting in 5s...
2026-03-23 09:51:02,497 [INFO] Subscribing to NIFTY live feed | token=23000
2026-03-23 09:51:02,499 [ERROR] WebSocket error: Connection to remote host was lost.
2026-03-23 09:51:02,500 [INFO] Connection to remote host was lost. - reconnect
2026-03-23 09:51:02,500 [WARNING] WebSocket closed — reconnecting in 5s...
2026-03-23 09:51:02,791 [INFO] Websocket connected
2026-03-23 09:51:02,792 [INFO] WebSocket connected: The Session has been Opened!
2026-03-23 09:51:07,502 [INFO] Subscribing to NIFTY live feed | token=23000
2026-03-23 09:53:07,973 [WARNING] WebSocket closed — reconnecting in 5s...
2026-03-23 09:53:12,975 [INFO] Subscribing to NIFTY live feed | token=23000
2026-03-23 09:53:12,978 [ERROR] WebSocket error: Connection to remote host was lost.
2026-03-23 09:53:12,979 [INFO] Connection to remote host was lost. - reconnect
2026-03-23 09:53:12,980 [WARNING] WebSocket closed — reconnecting in 5s...
2026-03-23 09:53:13,267 [INFO] Websocket connected
2026-03-23 09:53:13,269 [INFO] WebSocket connected: The Session has been Opened!
2026-03-23 09:53:17,981 [INFO] Subscribing to NIFTY live feed | token=23000
2026-03-23 20:54:50,004 [WARNING] WebSocket closed — reconnecting in 5s...
2026-03-23 20:54:55,056 [INFO] Subscribing to NIFTY live feed | token=23000
2026-03-23 20:54:55,057 [ERROR] WebSocket error: Connection to remote host was lost.
2026-03-23 20:54:55,057 [INFO] Connection to remote host was lost. - reconnect
2026-03-23 20:54:55,058 [WARNING] WebSocket closed — reconnecting in 5s...
2026-03-23 20:54:55,401 [INFO] Websocket connected
2026-03-23 20:54:55,410 [INFO] WebSocket connected: The Session has been Opened!
2026-03-23 20:55:00,059 [INFO] Subscribing to NIFTY live feed | token=23000
2026-03-23 20:55:33,357 [INFO] Session nearing expiry — re-logging in
2026-03-23 20:55:33,357 [INFO] Logging into Kotak Neo...
2026-03-23 20:55:33,358 [INFO]   TOTP attempt 1: 766846
2026-03-23 20:55:33,461 [INFO]   TOTP accepted: 766846
2026-03-23 20:55:33,691 [INFO] Kotak Neo login OK (TOTP=766846)
2026-03-23 20:57:00,637 [WARNING] WebSocket closed — reconnecting in 5s...
2026-03-23 20:57:05,638 [INFO] Subscribing to NIFTY live feed | token=23000
2026-03-23 20:57:05,639 [ERROR] WebSocket error: Connection to remote host was lost.
2026-03-23 20:57:05,641 [INFO] Connection to remote host was lost. - reconnect
2026-03-23 20:57:05,641 [WARNING] WebSocket closed — reconnecting in 5s...
2026-03-23 20:57:07,052 [INFO] Websocket connected
2026-03-23 20:57:07,053 [INFO] WebSocket connected: The Session has been Opened!
2026-03-23 20:57:10,642 [INFO] Subscribing to NIFTY live feed | token=23000
2026-03-23 20:59:13,319 [WARNING] WebSocket closed — reconnecting in 5s...
2026-03-23 20:59:18,334 [INFO] Subscribing to NIFTY live feed | token=23000
2026-03-23 20:59:18,372 [ERROR] WebSocket error: Connection to remote host was lost.
2026-03-23 20:59:18,373 [INFO] Connection to remote host was lost. - reconnect
2026-03-23 20:59:18,377 [WARNING] WebSocket closed — reconnecting in 5s...
2026-03-23 20:59:18,785 [INFO] Websocket connected
2026-03-23 20:59:18,795 [INFO] WebSocket connected: The Session has been Opened!
2026-03-23 20:59:23,379 [INFO] Subscribing to NIFTY live feed | token=23000
2026-03-23 21:00:06,800 [INFO] Sending final square-off...
2026-03-23 21:00:06,802 [INFO] [PAPER] SQUAREOFF_ALL | entry=? sl=? tgt=?
2026-03-23 21:01:24,232 [WARNING] WebSocket closed — reconnecting in 5s...
2026-03-23 21:01:29,235 [INFO] Subscribing to NIFTY live feed | token=23000
2026-03-23 21:01:29,237 [ERROR] WebSocket error: Connection to remote host was lost.
2026-03-23 21:01:29,237 [INFO] Connection to remote host was lost. - reconnect
2026-03-23 21:01:29,239 [WARNING] WebSocket closed — reconnecting in 5s...
2026-03-23 21:01:31,741 [INFO] Websocket connected
2026-03-23 21:01:31,748 [INFO] WebSocket connected: The Session has been Opened!
2026-03-23 21:01:34,240 [INFO] Subscribing to NIFTY live feed | token=23000
2026-03-23 21:37:21,903 [INFO] Kotak Neo login...
2026-03-23 21:37:21,904 [INFO] TOTP: 846346
2026-03-23 21:37:23,982 [INFO] Login OK
2026-03-23 21:37:23,983 [INFO] Loading 3d history...
2026-03-23 21:37:23,983 [WARNING] History failed: 'NeoAPI' object has no attribute 'historical_candles'
2026-03-23 21:37:23,985 [INFO] Waiting for market 9:15 AM...
2026-03-23 21:38:34,554 [INFO] Kotak Neo login...
2026-03-23 21:38:34,554 [INFO] TOTP: 897176
2026-03-23 21:41:05,958 [INFO] Kotak Neo login...
2026-03-23 21:41:05,959 [INFO] TOTP: 761814
2026-03-23 21:41:07,261 [INFO] Login OK
2026-03-23 21:41:07,262 [INFO] Loading 3d history...
2026-03-23 21:41:07,263 [WARNING] History failed: 'NeoAPI' object has no attribute 'historical_candles'
2026-03-23 21:41:07,264 [INFO] Waiting for market 9:15 AM...
