2026-03-21 16:56:15,089 [INFO] Logging in to Kotak Neo...
2026-03-21 16:56:15,842 [INFO] Kotak Neo login OK
2026-03-21 16:56:15,842 [INFO] Loading 3d history for warm-up...
2026-03-21 16:56:15,842 [WARNING] History load failed: 'NeoAPI' object has no attribute 'historical_candles' — starting cold
2026-03-21 16:56:15,843 [INFO] Warmed up with 0 historical bars
2026-03-21 16:56:15,843 [INFO] Outside market hours — waiting for 9:15 AM IST...
2026-03-21 17:00:42,519 [INFO] Logging in to Kotak Neo...
2026-03-21 17:00:43,747 [INFO] Kotak Neo login OK
2026-03-21 17:00:43,747 [INFO] Loading 3d history for warm-up...
2026-03-21 17:00:43,749 [WARNING] History load failed: 'NeoAPI' object has no attribute 'historical_candles' — starting cold
2026-03-21 17:00:43,749 [INFO] Warmed up with 0 historical bars
2026-03-21 17:00:43,749 [INFO] Outside market hours — waiting for 9:15 AM IST...
2026-03-21 17:09:41,826 [INFO] Logging in to Kotak Neo...
2026-03-21 17:09:42,883 [INFO] Kotak Neo login OK
2026-03-21 17:09:42,884 [INFO] Loading 3d history for warm-up...
2026-03-21 17:09:42,884 [WARNING] History load failed: 'NeoAPI' object has no attribute 'historical_candles' — starting cold
2026-03-21 17:09:42,884 [INFO] Warmed up with 0 historical bars
2026-03-21 17:09:42,884 [INFO] Outside market hours — waiting for 9:15 AM IST...
2026-03-21 17:39:19,986 [INFO] Logging in to Kotak Neo...
2026-03-21 17:39:20,205 [INFO] Kotak Neo login OK
2026-03-21 17:39:20,206 [INFO] Loading 3d history for warm-up...
2026-03-21 17:39:20,206 [WARNING] History load failed: 'NeoAPI' object has no attribute 'historical_candles' — starting cold
2026-03-21 17:39:20,206 [INFO] Warmed up with 0 historical bars
2026-03-21 17:39:20,207 [INFO] Outside market hours — waiting for 9:15 AM IST...
2026-03-21 17:43:56,315 [INFO] Logging in to Kotak Neo...
2026-03-21 17:43:56,563 [INFO] Kotak Neo login OK
2026-03-21 17:43:56,564 [INFO] Loading 3d history for warm-up...
2026-03-21 17:43:56,565 [WARNING] History load failed: 'NeoAPI' object has no attribute 'historical_candles' — starting cold
2026-03-21 17:43:56,568 [INFO] Warmed up with 0 historical bars
2026-03-21 17:43:56,568 [INFO] Outside market hours — waiting for 9:15 AM IST...
2026-03-21 17:44:02,896 [INFO] Logging in to Kotak Neo...
2026-03-21 17:44:03,297 [INFO] Kotak Neo login OK
2026-03-21 17:44:03,299 [INFO] Loading 3d history for warm-up...
2026-03-21 17:44:03,299 [WARNING] History load failed: 'NeoAPI' object has no attribute 'historical_candles' — starting cold
2026-03-21 17:44:03,301 [INFO] Warmed up with 0 historical bars
2026-03-21 17:44:03,301 [INFO] Outside market hours — waiting for 9:15 AM IST...
